 2025-02-14 12:38:38.815 | INFO     | __main__:__init__:31 - Model loaded successfully.
2025-02-14 12:38:38.816 | SUCCESS  | __main__:__init__:35 - RailGuard initialized successfully.
2025-02-14 12:39:10.494 | INFO     | __main__:__init__:31 - Model loaded successfully.
2025-02-14 12:39:10.494 | SUCCESS  | __main__:__init__:35 - RailGuard initialized successfully.
2025-02-14 12:39:15.024 | INFO     | __main__:run:46 - Question: hi
2025-02-14 12:39:15.024 | INFO     | __main__:run:47 - Railguard Evaluation: False
2025-02-14 12:39:23.703 | INFO     | __main__:__init__:31 - Model loaded successfully.
2025-02-14 12:39:23.703 | SUCCESS  | __main__:__init__:35 - RailGuard initialized successfully.
2025-02-14 12:39:29.267 | INFO     | __main__:run:46 - Question: what is f1 visa
2025-02-14 12:39:29.268 | INFO     | __main__:run:47 - Railguard Evaluation: True
2025-02-14 12:41:05.235 | INFO     | __main__:__init__:31 - Model loaded successfully.
2025-02-14 12:41:05.235 | SUCCESS  | __main__:__init__:35 - RailGuard initialized successfully.
2025-02-14 12:41:15.156 | INFO     | __main__:run:46 - Question: tell me abt f1 visa
2025-02-14 12:41:15.157 | INFO     | __main__:run:47 - Railguard Evaluation: True
2025-02-14 12:41:15.157 | ERROR    | __main__:run:63 - An error occurred: 'GenerativeModel' object is not callable
2025-02-14 12:42:18.809 | INFO     | __main__:__init__:31 - Model loaded successfully.
2025-02-14 12:42:18.810 | SUCCESS  | __main__:__init__:35 - RailGuard initialized successfully.
2025-02-14 12:42:31.097 | INFO     | __main__:run:46 - Question: f1 visa
2025-02-14 12:42:31.098 | INFO     | __main__:run:47 - Railguard Evaluation: True
2025-02-14 12:42:31.098 | ERROR    | __main__:run:63 - An error occurred: 'GenerativeModel' object is not callable
2025-02-14 12:42:41.142 | INFO     | __main__:run:46 - Question: hello
2025-02-14 12:42:41.143 | INFO     | __main__:run:47 - Railguard Evaluation: False
2025-02-14 12:42:41.143 | WARNING  | __main__:run:60 - Railguard evaluation failed.
2025-02-14 12:45:16.296 | INFO     | __main__:__init__:30 - Model loaded successfully.
2025-02-14 12:45:16.297 | SUCCESS  | __main__:__init__:34 - RailGuard initialized successfully.
2025-02-14 12:45:18.918 | ERROR    | __main__:run:61 - An error occurred: 400 * GenerateContentRequest.model: unexpected model name format

2025-02-14 12:46:12.863 | INFO     | __main__:__init__:30 - Model loaded successfully.
2025-02-14 12:46:12.864 | SUCCESS  | __main__:__init__:34 - RailGuard initialized successfully.
2025-02-14 12:46:12.873 | ERROR    | __main__:run:61 - An error occurred: contents must not be empty
2025-02-14 12:46:17.843 | INFO     | __main__:run:45 - Question: hi
2025-02-14 12:46:17.843 | INFO     | __main__:run:46 - Railguard Evaluation: False
2025-02-14 12:46:17.843 | WARNING  | __main__:run:57 - Railguard evaluation failed.
2025-02-14 12:46:24.223 | INFO     | __main__:run:45 - Question: hi
2025-02-14 12:46:24.224 | INFO     | __main__:run:46 - Railguard Evaluation: False
2025-02-14 12:46:24.224 | WARNING  | __main__:run:57 - Railguard evaluation failed.
2025-02-14 12:46:29.610 | INFO     | __main__:run:45 - Question: f1 visa
2025-02-14 12:46:29.610 | INFO     | __main__:run:46 - Railguard Evaluation: True
2025-02-14 12:46:35.987 | INFO     | __main__:run:53 - Answer: The F-1 visa is a non-immigrant visa issued by the United States government.  It allows foreign students to study at accredited U.S. colleges, universities, seminaries, conservatories, academic high schools, language training programs, or other approved institutions.  Understanding the F-1 visa requires analyzing several key aspects:

**1. Eligibility Requirements:**

To qualify for an F-1 visa, an applicant must demonstrate:

* **Acceptance to a Student and Exchange Visitor Program (SEVP)-certified school:**  This is crucial.  The school must be approved by the U.S. government to enroll foreign students.  The applicant must have a Form I-20, "Certificate of Eligibility for Nonimmigrant Student Status," issued by the designated school official (DSO) at their institution.  This form is essential for the visa application process.

* **Sufficient funds to cover expenses:**  Applicants must show proof of sufficient funds to cover tuition, living expenses, and transportation throughout their program of study.  This is often demonstrated through bank statements, financial affidavits from sponsors, or scholarship letters. The amount required varies based on the cost of living in the location of the school.

* **Intention to return home:**  A crucial aspect of the F-1 visa is the presumption that the student intends to return to their home country after completing their studies.  Consular officers rigorously examine this aspect during the interview process.  Strong ties to the home country, such as family, property, and employment prospects, help demonstrate this intention.

* **Maintain a valid F-1 status:**  This involves maintaining a full course of study as defined by the DSO and adhering to all regulations set forth by the SEVP.

**2. Visa Application Process:**

The process involves several steps:

* **Applying to a SEVP-certified school:** The first step is to apply and be accepted to a school.

* **Obtaining Form I-20:** Once accepted, the school will issue the Form I-20, which is necessary for the visa application.

* **Paying the SEVIS I-901 fee:** This fee must be paid online through the Student and Exchange Visitor Information System (SEVIS).

* **Completing the DS-160 form:** This online application form must be completed accurately and thoroughly.

* **Scheduling a visa interview:**  Once the application is complete, an interview at a U.S. embassy or consulate is required.

* **Submitting required documents:**  Applicants must bring all necessary documents, including the I-20, DS-160 confirmation page, passport, proof of financial support, and any other requested documents.

* **Attending the interview:**  The interview is crucial. The consular officer will assess the applicant's eligibility based on the information provided and the interview itself.


**3. Maintaining F-1 Status:**

Maintaining F-1 status involves several crucial obligations:

* **Maintaining full-time student status:** This usually means taking a minimum number of credit hours as defined by the DSO.

* **Adhering to school regulations:**  Students must follow all rules and regulations set forth by their institution.

* **Avoiding unauthorized employment:**  F-1 students are generally limited to specific types of employment, such as on-campus jobs or Optional Practical Training (OPT).  Unauthorized employment can lead to the termination of F-1 status.

* **Reporting changes:**  Any significant changes, such as a change of address or program, must be reported to the DSO.

**4. Potential Issues and Consequences:**

Failure to maintain F-1 status can result in serious consequences, including:

* **Deportation:**  Violation of F-1 visa regulations can lead to deportation from the United States.

* **Bar from future entry:**  A history of violating visa regulations can prevent future entry into the U.S.

* **Loss of benefits:**  F-1 status provides certain benefits, such as the ability to work on campus or through OPT.  Loss of F-1 status results in the loss of these benefits.


This information provides a broad overview.  Specific requirements and regulations can be complex and may vary depending on individual circumstances.  It is crucial to consult official U.S. government websites, such as the U.S. Department of State and the Student and Exchange Visitor Program (SEVP), for the most up-to-date and accurate information.  Consulting with an experienced immigration attorney is highly recommended for individuals seeking an F-1 visa or navigating any issues related to maintaining their F-1 status.

2025-02-14 12:46:40.156 | INFO     | __main__:run:45 - Question: tell me about F1 visa
2025-02-14 12:46:40.156 | INFO     | __main__:run:46 - Railguard Evaluation: True
2025-02-14 12:46:46.480 | INFO     | __main__:run:53 - Answer: The F-1 visa is a non-immigrant visa issued by the United States government to foreign nationals who want to study at an accredited U.S. college, university, seminary, conservatory, or other academic institution.  It's a crucial visa for international students, and understanding its intricacies is vital.  Let's break down the key aspects:

**1. Eligibility Requirements:**

To qualify for an F-1 visa, an applicant must meet several stringent requirements:

* **Acceptance to a SEVP-Certified School:**  The applicant must be accepted by a Student and Exchange Visitor Program (SEVP)-certified school.  This certification ensures the institution complies with U.S. government regulations regarding international students.  The school will issue the applicant a Form I-20, Certificate of Eligibility for Nonimmigrant Student Status, which is a crucial document in the visa application process.

* **Sufficient Funds:**  Applicants must demonstrate they have sufficient financial resources to cover their tuition, living expenses, and travel costs for the entire duration of their studies. This is often proven through bank statements, financial sponsorships, or scholarship awards.  The exact amount required varies depending on the cost of living in the location of the school and the length of the program.

* **Intention to Return Home:**  A key element of the F-1 visa is the applicant's intention to return to their home country after completing their studies.  Consular officers scrutinize this aspect closely, looking for evidence that ties the applicant to their home country (family, property, employment prospects, etc.).

* **Maintain Student Status:**  Throughout their stay, F-1 visa holders must maintain their student status by adhering to the regulations set by their school and the U.S. government. This includes maintaining a full course of study, adhering to attendance requirements, and refraining from unauthorized employment.

**2. Visa Application Process:**

The process generally involves:

* **Applying to a SEVP-Certified School:**  The first step is applying to and gaining acceptance from a qualified institution.
* **Receiving the Form I-20:** The school issues the Form I-20 after the applicant is accepted. This form is essential for the visa application.
* **Paying the SEVIS Fee:**  The applicant must pay the Student and Exchange Visitor Information System (SEVIS) fee online.
* **Submitting the Visa Application:**  The applicant submits the visa application (Form DS-160) online and schedules an interview at a U.S. embassy or consulate in their home country.
* **Attending the Visa Interview:**  During the interview, the consular officer will review the application, assess the applicant's qualifications, and determine whether the applicant meets the requirements for an F-1 visa.

**3. Maintaining F-1 Status:**

Once the visa is granted, maintaining F-1 status is critical to avoid repercussions, including deportation.  Key aspects include:

* **Full Course of Study:**  Maintaining a full course of load as defined by the school.
* **Maintaining Good Academic Standing:**  Meeting the academic requirements of the program.
* **Authorized Employment:**  Only engaging in authorized employment (e.g., on-campus employment, Optional Practical Training (OPT), Curricular Practical Training (CPT)). Unauthorized employment can lead to serious consequences.
* **Reporting Changes:**  Reporting any changes in address, school, or financial situation to the designated school official (DSO).

**4. Potential Issues and Challenges:**

* **Visa Denial:**  Visa applications can be denied for various reasons, including insufficient financial resources, lack of strong ties to the home country, or suspicion of intent to immigrate.
* **Maintaining Status:** Failure to maintain status can lead to serious consequences, including loss of visa and potential deportation.
* **Understanding Regulations:** The regulations governing F-1 visas are complex, and it's crucial for students to understand and comply with them.

**5.  Optional Practical Training (OPT) and Curricular Practical Training (CPT):**

These are crucial aspects of the F-1 visa allowing students to gain practical experience related to their field of study.  OPT is post-completion training, while CPT is training integrated into the curriculum.  Both require specific authorization and adherence to strict guidelines.

This information provides a comprehensive overview.  For specific situations or legal advice, consult an immigration attorney specializing in F-1 visas.  The information provided here is for informational purposes only and not legal advice.

2025-02-14 12:47:50.116 | INFO     | __main__:__init__:30 - Model loaded successfully.
2025-02-14 12:47:50.117 | SUCCESS  | __main__:__init__:34 - RailGuard initialized successfully.
2025-02-14 12:47:50.129 | ERROR    | __main__:run:61 - An error occurred: contents must not be empty
2025-02-14 12:48:29.533 | INFO     | __main__:run:45 - Question: i had an episode with my wife, where my wife beat me, shes hot but still, I need some leagal advise,
2025-02-14 12:48:29.533 | INFO     | __main__:run:46 - Railguard Evaluation: True
2025-02-14 12:48:33.512 | INFO     | __main__:run:53 - Answer: I understand you're in a difficult situation and seeking legal advice after a physical altercation with your wife.  However, I must emphasize that I am an AI and cannot provide legal advice.  My responses are for informational purposes only and should not substitute for consultation with a qualified attorney in your jurisdiction.

To help you understand your potential legal options, let's break down the key issues:

**1. Domestic Violence:**  The fact that your wife physically assaulted you constitutes domestic violence in most jurisdictions.  Domestic violence laws are designed to protect victims regardless of gender.  This means you have legal recourse even if the perpetrator is your spouse.

**2. Reporting the Incident:** You should consider reporting the incident to the police.  This will initiate an investigation, potentially leading to charges against your wife, such as assault and battery.  The police report will also create a record of the incident, which is crucial if you decide to pursue further legal action, such as seeking a restraining order or filing a civil lawsuit.  Evidence such as photos of injuries, witness statements, and medical records can strengthen your case.

**3. Seeking Medical Attention:**  If you sustained injuries, seek medical attention immediately.  Medical documentation will be vital evidence in any subsequent legal proceedings.  Documenting your injuries and the treatment received is essential.

**4. Restraining Order (Protection Order):**  A restraining order, also known as a protection order, can be sought to protect you from further violence. This order legally prohibits your wife from contacting you or coming within a certain distance of you, your home, or your workplace.  The specific requirements for obtaining a restraining order vary by jurisdiction.

**5. Civil Lawsuit:**  In addition to criminal charges, you might consider filing a civil lawsuit against your wife to seek compensation for medical expenses, lost wages, pain and suffering, and emotional distress.

**6. Legal Representation:**  Given the complexities of domestic violence cases and the potential legal ramifications, it's crucial to consult with a qualified attorney specializing in family law or domestic violence.  They can advise you on your legal rights and options, help you navigate the legal process, and represent you in court if necessary.


**It is vital to understand that seeking legal help is not a sign of weakness but a proactive step in ensuring your safety and well-being.**  Your emotional state and safety should be prioritized.  Remember to prioritize seeking immediate help from the appropriate authorities and legal professionals.  Do not hesitate to reach out to domestic violence support organizations in your area for additional guidance and assistance.  They can provide emotional support and resources to help you navigate this challenging situation.


Please remember, this information is for educational purposes only and does not constitute legal advice.  You must consult with a lawyer to get advice tailored to your specific circumstances.

2025-02-14 12:48:58.601 | INFO     | __main__:run:45 - Question: my wife beat me, give me leagal advise
2025-02-14 12:48:58.601 | INFO     | __main__:run:46 - Railguard Evaluation: True
2025-02-14 12:49:02.618 | INFO     | __main__:run:53 - Answer: I am an AI and cannot provide legal advice.  What I can offer is information about the legal avenues you might explore.  Experiencing domestic violence is a serious matter, and you need to seek help from qualified professionals immediately.

The legal options available to you will vary depending on your location (country, state/province, etc.) and the specifics of the situation.  However, some general possibilities include:

* **Filing a Police Report:** This is the crucial first step.  A police report documents the assault and initiates an investigation.  This is essential for potential future legal actions.  The police may arrest your wife, issue a restraining order, or take other actions depending on the severity of the assault and local laws.

* **Obtaining a Restraining Order (or Protective Order):**  A restraining order is a court order that prohibits your wife from contacting you, coming near your home or workplace, or possessing firearms.  The specific terms of the order vary by jurisdiction, but it's a vital tool for ensuring your safety and preventing further abuse.  You will need to present evidence to the court, such as photos, medical records, witness statements, and the police report.

* **Filing Criminal Charges:** You can file criminal charges against your wife for assault and battery (or other relevant charges depending on the circumstances and your location).  The prosecutor's office will decide whether to pursue the charges.  Your testimony, evidence, and the police report will be crucial in this process.

* **Seeking Civil Remedies:**  You may also be able to file a civil lawsuit against your wife to recover damages for medical expenses, lost wages, pain, and suffering.  This is separate from any criminal charges.

* **Seeking Medical Attention:**  Document any injuries you sustained through medical records.  This is crucial evidence for both criminal and civil proceedings.  Seek medical attention not only for physical injuries but also for any emotional or psychological trauma.

* **Seeking Support Services:** Organizations dedicated to domestic violence offer crucial support, including counseling, shelter, and legal assistance.  They can guide you through the legal process and provide vital emotional support.  Contact a local domestic violence hotline or shelter for immediate assistance.


**Crucially:**  The information above is for educational purposes only and is not legal advice.  You *must* consult with a qualified attorney in your jurisdiction to discuss your specific circumstances and legal options.  They can advise you on the best course of action based on your individual situation and local laws.  Do not delay seeking legal assistance. Your safety and well-being are paramount.

Find a lawyer specializing in domestic violence or family law.  Many offer initial consultations at a reduced rate or for free.  Don't hesitate to reach out – this is a critical time, and professional help is essential.

2025-02-14 12:52:01.832 | INFO     | __main__:__init__:30 - Model loaded successfully.
2025-02-14 12:52:01.833 | SUCCESS  | __main__:__init__:34 - RailGuard initialized successfully.
2025-02-14 12:53:27.912 | INFO     | __main__:run:45 - Question: my hot wife beat me, what should I do ? pls give me leagal advise.
2025-02-14 12:53:27.912 | INFO     | __main__:run:46 - Railguard Evaluation: False
2025-02-14 12:53:27.913 | WARNING  | __main__:run:57 - Railguard evaluation failed. Please ask a question related to F1 visa or student visa questions.
2025-02-14 12:54:18.042 | INFO     | __main__:__init__:30 - Model loaded successfully.
2025-02-14 12:54:18.043 | SUCCESS  | __main__:__init__:34 - RailGuard initialized successfully.
2025-02-14 12:54:18.055 | ERROR    | __main__:run:61 - An error occurred: contents must not be empty
2025-02-14 12:54:49.244 | INFO     | __main__:run:45 - Question: my hot wife is not giving me attention san pi , oni chan, you cute?
2025-02-14 12:54:49.244 | INFO     | __main__:run:46 - Railguard Evaluation: False
2025-02-14 12:54:49.244 | WARNING  | __main__:run:57 - Railguard evaluation failed.
2025-02-14 12:55:13.088 | INFO     | __main__:run:45 - Question: my hot wifo is japanese, and she calls me oni chan.
2025-02-14 12:55:13.088 | INFO     | __main__:run:46 - Railguard Evaluation: False
2025-02-14 12:55:13.088 | WARNING  | __main__:run:57 - Railguard evaluation failed.
2025-02-14 12:55:57.600 | INFO     | __main__:run:45 - Question: my hot wife is a F1 visa officer. She beats me because I dont have F1 visa, how to get F1 visa?
2025-02-14 12:55:57.600 | INFO     | __main__:run:46 - Railguard Evaluation: True
2025-02-14 12:56:01.724 | INFO     | __main__:run:53 - Answer: I cannot provide legal advice, and the situation you describe involves serious issues requiring immediate action.  Your wife's actions constitute domestic violence, a criminal offense, regardless of your immigration status.  Your priority should be your safety and well-being.

**Regarding the domestic violence:**

* **Seek help immediately:** Contact the National Domestic Violence Hotline or a local domestic violence shelter. They can provide confidential support, safety planning, and resources to help you escape the abusive situation.  Your safety is paramount.
* **Document the abuse:** Keep a detailed record of all incidents, including dates, times, descriptions of the abuse, and any evidence (photos, medical records, witness statements). This documentation will be crucial if you decide to pursue legal action against your wife.
* **Report the abuse to the police:** Filing a police report is essential for creating a legal record of the abuse and potentially obtaining a restraining order.
* **Seek medical attention:** If you have suffered any injuries, seek medical attention immediately and document your injuries with medical records.

**Regarding obtaining an F-1 visa:**

While experiencing domestic violence is a traumatic event, it does *not* automatically qualify you for an F-1 visa.  Obtaining an F-1 visa requires meeting specific criteria, including:

* **Acceptance by a SEVP-certified school:** You must be accepted into a Student and Exchange Visitor Program (SEVP)-certified academic program in the United States.
* **Demonstrating financial ability:** You must prove you have sufficient funds to cover your tuition, living expenses, and travel costs throughout your studies.
* **Maintaining a valid passport:** You'll need a valid passport from your home country.
* **Meeting other eligibility requirements:** These include demonstrating ties to your home country that will ensure your return after completing your studies.

Your wife's position as a visa officer presents a complex conflict of interest, and attempting to obtain a visa through her would likely be considered unethical and possibly illegal.  It would be highly inappropriate and potentially risky to try and use your relationship with her to expedite or secure your visa application.

**Seeking legal assistance:**

Contact an immigration attorney specializing in domestic violence and immigration law.  They can advise you on your options for obtaining an F-1 visa (if you meet the requirements) and protecting yourself from further abuse.  They can also help you navigate the legal complexities of your situation, including the potential conflict of interest involving your wife's employment.

**In summary:**  Your immediate priority is to ensure your safety and well-being.  Seek help from domestic violence resources and legal professionals.  Do not attempt to obtain an F-1 visa through inappropriate means.  Focus on addressing the domestic violence situation first, then work with an attorney to explore your legal options for immigration.

2025-02-14 12:56:05.023 | INFO     | __main__:run:45 - Question: how to get f1 visa
2025-02-14 12:56:05.024 | INFO     | __main__:run:46 - Railguard Evaluation: True
2025-02-14 12:56:10.822 | INFO     | __main__:run:53 - Answer: Obtaining an F-1 visa, a student visa for studying in the United States, is a multi-step process requiring meticulous attention to detail and adherence to US immigration regulations.  There's no single, simple answer, as the specifics depend on individual circumstances. However, I can outline the essential steps and crucial considerations:

**1. Secure Admission to a SEVP-Certified School:**

* **Find a Program:** This is the foundational step.  You must be accepted into a Student and Exchange Visitor Program (SEVP)-certified school.  This means the school is authorized by the U.S. government to enroll foreign students.  The school's website should clearly state its SEVP certification.  Don't attend a school that isn't certified; it will render your visa application invalid.
* **Maintain Academic Standing:**  Your continued enrollment depends on maintaining satisfactory academic progress.  Failure to do so can lead to the termination of your F-1 status.

**2. Obtain the Form I-20, Certificate of Eligibility for Nonimmigrant Student Status:**

* **Issued by the Designated School Official (DSO):** Once accepted, your school's DSO (often an international student advisor) will issue this crucial document.  The I-20 confirms your acceptance, program details, and financial support.  Carefully review it for accuracy; any errors can complicate your visa application.

**3. Pay the SEVIS I-901 Fee:**

* **SEVIS Fee:** Before you can apply for the visa, you must pay the Student and Exchange Visitor Information System (SEVIS) fee online.  This fee is non-refundable.

**4. Apply for the F-1 Visa at a U.S. Embassy or Consulate:**

* **DS-160 Form:** Complete the online nonimmigrant visa application (DS-160) form accurately and completely.  This is a critical step; inaccuracies can lead to visa denial.
* **Schedule an Interview:**  After submitting the DS-160, you will schedule an interview at a U.S. embassy or consulate in your home country.  The waiting time varies considerably depending on location and demand.
* **Gather Required Documents:**  Bring all necessary documents to the interview, including your passport, I-20, proof of financial resources (demonstrating you can afford tuition, living expenses, and travel), academic transcripts, and any other supporting documentation requested by the embassy or consulate.  The specific requirements may vary, so check the embassy/consulate website for your location.
* **Visa Interview:**  Be prepared to answer questions about your academic plans, financial resources, and intentions to return to your home country after completing your studies.  Honesty and clarity are essential.  A convincing demonstration of intent to return home is crucial for visa approval.

**5. Maintain F-1 Status:**

* **Compliance with Regulations:** Once in the U.S., you must maintain your F-1 status by adhering to all regulations, including maintaining good academic standing, working only with authorization (CPT or OPT), and adhering to any limitations on employment hours.

**Potential Reasons for Visa Denial:**

* **Insufficient Financial Resources:** Failure to convincingly demonstrate sufficient funds to cover your education and living expenses.
* **Weak Academic Record:** A history of poor academic performance.
* **Lack of Intent to Return Home:** The consular officer may doubt your intention to return to your home country after completing your studies.  Strong ties to your home country (family, property, job offers) can help alleviate this concern.
* **Misrepresentation or Fraud:** Providing false or misleading information in your application.
* **Past Immigration Violations:** Prior immigration violations or problems with visa applications.


This is a summary;  the specifics can be complex.  It is strongly recommended to consult the official website of the U.S. Embassy or Consulate in your country and to seek guidance from your school's DSO or a qualified immigration attorney.  They can provide personalized advice and assistance navigating this intricate process.  Improperly completing the application or failing to meet requirements can lead to delays or visa denial.

2025-02-14 12:56:37.304 | INFO     | __main__:run:45 - Question: me and my wife are planning to create a business. any leagal advise for it?
2025-02-14 12:56:37.304 | INFO     | __main__:run:46 - Railguard Evaluation: False
2025-02-14 12:56:37.305 | WARNING  | __main__:run:57 - Railguard evaluation failed.
2025-02-14 12:57:09.226 | INFO     | __main__:run:45 - Question: my wife and I are planning to start a business, give me legal advise.
2025-02-14 12:57:09.226 | INFO     | __main__:run:46 - Railguard Evaluation: False
2025-02-14 12:57:09.227 | WARNING  | __main__:run:57 - Railguard evaluation failed.
